
Showing logs for build [32mjstrachan-nodey420-master-5dc98-3[0m stage [32mfrom-build-pack[0m and container [32mstep-credential-initializer-2x2rg[0m
{"level":"warn","ts":1582309487.1611583,"logger":"fallback-logger","caller":"logging/config.go:69","msg":"Fetch GitHub commit ID from kodata failed: \"ref: refs/heads/0.8.0-**-support-backwards-incompats\" is not a valid GitHub commit ID"}
{"level":"info","ts":1582309487.1617572,"logger":"fallback-logger","caller":"creds-init/main.go:40","msg":"Credentials initialized."}

Showing logs for build [32mjstrachan-nodey420-master-5dc98-3[0m stage [32mfrom-build-pack[0m and container [32mstep-working-dir-initializer-45d8r[0m
{"level":"warn","ts":1582309488.1393766,"logger":"fallback-logger","caller":"logging/config.go:69","msg":"Fetch GitHub commit ID from kodata failed: open /var/run/ko/HEAD: no such file or directory"}
{"level":"info","ts":1582309488.1412334,"logger":"fallback-logger","caller":"bash/main.go:64","msg":"Successfully executed command \"sh -c mkdir -p /workspace/source\"; output "}

Showing logs for build [32mjstrachan-nodey420-master-5dc98-3[0m stage [32mfrom-build-pack[0m and container [32mstep-place-tools[0m

Showing logs for build [32mjstrachan-nodey420-master-5dc98-3[0m stage [32mfrom-build-pack[0m and container [32mstep-git-source-jstrachan-nodey420-master-5dc98-ftrq7[0m
{"level":"warn","ts":1582309494.2223275,"logger":"fallback-logger","caller":"logging/config.go:69","msg":"Fetch GitHub commit ID from kodata failed: \"ref: refs/heads/0.8.0-**-support-backwards-incompats\" is not a valid GitHub commit ID"}
{"level":"info","ts":1582309495.3301497,"logger":"fallback-logger","caller":"git/git.go:103","msg":"Successfully cloned https://github.com/*********/nodey420.git @ v0.0.2 in path /workspace/source"}

Showing logs for build [32mjstrachan-nodey420-master-5dc98-3[0m stage [32mfrom-build-pack[0m and container [32mstep-git-merge[0m
Using SHAs from PULL_REFS=master:
WARNING: no SHAs to merge, falling back to initial cloned commit

Showing logs for build [32mjstrachan-nodey420-master-5dc98-3[0m stage [32mfrom-build-pack[0m and container [32mstep-setup-jx-git-credentials[0m
Generated Git credentials file /workspace/xdg_config/git/credentials

Showing logs for build [32mjstrachan-nodey420-master-5dc98-3[0m stage [32mfrom-build-pack[0m and container [32mstep-build-npmrc[0m
Command "credential" is deprecated, it will be removed on Jun 1 2020.  This is replaced by Tekton's mounted secrets
WARNING: failed to find Secret npm-token in namespace **

Showing logs for build [32mjstrachan-nodey420-master-5dc98-3[0m stage [32mfrom-build-pack[0m and container [32mstep-build-npm-install[0m
npm notice created a lockfile as package-lock.json. You should commit this file.
npm WARN REPLACE_ME@1.0.0 No repository field.
npm WARN REPLACE_ME@1.0.0 No license field.

up to date in 0.374s
found 0 vulnerabilities


Showing logs for build [32mjstrachan-nodey420-master-5dc98-3[0m stage [32mfrom-build-pack[0m and container [32mstep-build-npm-test[0m

> REPLACE_ME@1.0.0 test /workspace/source
> echo "no test specified" && exit 0

no test specified

Showing logs for build [32mjstrachan-nodey420-master-5dc98-3[0m stage [32mfrom-build-pack[0m and container [32mstep-build-container-build[0m
ERROR: logging before flag.Parse: E0221 18:25:02.445442      11 metadata.go:241] Failed to unmarshal scopes: invalid character 'h' looking for beginning of value
[36mINFO[0m[0001] Downloading base image node:9-slim           
ERROR: logging before flag.Parse: E0221 18:25:02.460465      11 metadata.go:142] while reading 'google-dockercfg' metadata: http status code: 404 while fetching url http://metadata.google.internal./computeMetadata/v1/instance/attributes/google-dockercfg
ERROR: logging before flag.Parse: E0221 18:25:02.539426      11 metadata.go:159] while reading 'google-dockercfg-url' metadata: http status code: 404 while fetching url http://metadata.google.internal./computeMetadata/v1/instance/attributes/google-dockercfg-url
2020/02/21 18:25:02 No matching credentials were found, falling back on anonymous
[36mINFO[0m[0003] Error while retrieving image from cache: getting file info: stat /workspace/sha256:0e0175bbe4f8d9d104590d8d2c591017874e30977cb71aaff1cf6fa99479575c: no such file or directory 
[36mINFO[0m[0003] Downloading base image node:9-slim           
2020/02/21 18:25:03 No matching credentials were found, falling back on anonymous
[36mINFO[0m[0004] Executing 0 build triggers                   
[36mINFO[0m[0004] cmd: EXPOSE                                  
[36mINFO[0m[0004] Adding exposed port: 8080/tcp                
[36mINFO[0m[0004] Using files from context: [/workspace/source] 
[36mINFO[0m[0004] Skipping unpacking as no commands require it. 
[36mINFO[0m[0004] Taking snapshot of full filesystem...        
[36mINFO[0m[0004] ENV PORT 8080                                
[36mINFO[0m[0004] No files changed in this command, skipping snapshotting. 
[36mINFO[0m[0004] EXPOSE 8080                                  
[36mINFO[0m[0004] cmd: EXPOSE                                  
[36mINFO[0m[0004] Adding exposed port: 8080/tcp                
[36mINFO[0m[0004] No files changed in this command, skipping snapshotting. 
[36mINFO[0m[0004] WORKDIR /usr/src/app                         
[36mINFO[0m[0004] cmd: workdir                                 
[36mINFO[0m[0004] Changed working directory to /usr/src/app    
[36mINFO[0m[0004] Creating directory /usr/src/app              
[36mINFO[0m[0004] Taking snapshot of files...                  
[36mINFO[0m[0004] Using files from context: [/workspace/source] 
[36mINFO[0m[0004] COPY . .                                     
[36mINFO[0m[0004] Taking snapshot of files...                  
[36mINFO[0m[0004] CMD ["npm", "start"]                         
[36mINFO[0m[0004] No files changed in this command, skipping snapshotting. 
2020/02/21 18:25:05 existing blob: sha256:7d083412657baa2dafba8d093034ef26f9ed2c90fb6ed95f76bb55aff03ed429
2020/02/21 18:25:05 existing blob: sha256:196b8e3c919d5639193ba6c6e54774528942041bbc37606631a2250502985c3c
2020/02/21 18:25:05 existing blob: sha256:e01bd28a434b56ffd2a3fe9aa99b9b69aecca69904843edd30b1ee7150d79904
2020/02/21 18:25:05 existing blob: sha256:a88538b9cd05cfa611e43a25582a95ad7879f6fa708b0386a26b71ee62235bb3
2020/02/21 18:25:05 existing blob: sha256:5bba3ecb4cd6374a19da45f2a3db0a9c0804984358b3bb4b666c28944016e5ff
2020/02/21 18:25:08 pushed blob: sha256:cefd5d8c9d2d3d670ab85e02446a470623241950c36de30e245d81152ad59b1e
2020/02/21 18:25:08 pushed blob: sha256:3c423251be6e5f53162927e471fd6fa4ece560bcf04940041655d1ebed19289e
2020/02/21 18:25:08 pushed blob: sha256:e888ae5476b4877c4c4bd3bd17f5a37e82915d88fca200c621e57598fb625a8b
2020/02/21 18:25:10 gcr.io/*********-multicluster/nodey420:0.0.2: digest: sha256:645c5f5c36afe0da2a6581b394f750ab6a507ad3bbd988843988a1beb7fdf028 size: 1404

Showing logs for build [32mjstrachan-nodey420-master-5dc98-3[0m stage [32mfrom-build-pack[0m and container [32mstep-build-post-build[0m
no CVE provider running in the current ** namespace so skip adding image to be analysed

Showing logs for build [32mjstrachan-nodey420-master-5dc98-3[0m stage [32mfrom-build-pack[0m and container [32mstep-promote-changelog[0m
Converted /workspace/source/charts/nodey420 to an unshallow repository
Generating change log from git ref cb5b10310586d946429e9737a0b3191904dd38b3 => 6d5c7fd58744beee5d184345eece0380b234ccd4
WARNING: No release found for *********/nodey420 and tag v0.0.2 so creating a new release
Updated the release information at https://github.com/*********/nodey420/releases/tag/v0.0.2
generated: /workspace/source/charts/nodey420/templates/release.yaml
Created Release nodey420-0-0-2 resource in namespace **
Updating PipelineActivity *********-nodey420-master-3 with version 0.0.2
Updated PipelineActivities *********-nodey420-master-3 with release notes URL: https://github.com/*********/nodey420/releases/tag/v0.0.2

Showing logs for build [32mjstrachan-nodey420-master-5dc98-3[0m stage [32mfrom-build-pack[0m and container [32mstep-promote-helm-release[0m
WARNING: No $CHART_REPOSITORY defined so using the default value of: http://jenkins-x-chartmuseum:8080
Adding missing Helm repo: storage.googleapis.com https://storage.googleapis.com/chartmuseum.jenkins-x.io
Successfully added Helm repository storage.googleapis.com.
Adding missing Helm repo: jenkins-x-chartmuseum http://jenkins-x-chartmuseum:8080
Successfully added Helm repository jenkins-x-chartmuseum.
WARNING: No $CHART_REPOSITORY defined so using the default value of: http://jenkins-x-chartmuseum:8080
Uploading chart file nodey420-0.0.2.tgz to http://jenkins-x-chartmuseum:8080/api/charts
Received 201 response: {"saved":true}

Showing logs for build [32mjstrachan-nodey420-master-5dc98-3[0m stage [32mfrom-build-pack[0m and container [32mstep-promote-jx-promote[0m
WARNING: prow based install so skip waiting for the merge of Pull Requests to go green as currently there is an issue with gettingstatuses from the PR, see https://github.com/jenkins-x/**/issues/2410
WARNING: No $CHART_REPOSITORY defined so using the default value of: http://jenkins-x-chartmuseum:8080
Promoting app nodey420 version 0.0.2 to namespace **-staging
WARNING: 
Created Pull Request: https://github.com/*********/environment-*********-**2-staging/pull/2
Added label updatebot to Pull Request https://github.com/*********/environment-*********-**2-staging/pull/2
got git provider status pending from PR https://github.com/*********/environment-*********-**2-staging/pull/2
got git provider status pending from PR https://github.com/*********/environment-*********-**2-staging/pull/2
got git provider status pending from PR https://github.com/*********/environment-*********-**2-staging/pull/2
Pull Request https://github.com/*********/environment-*********-**2-staging/pull/2 is merged at sha 3e2ef019dc33eb04cc93f3ef061296412dffe730
Pull Request merged but we are not waiting for the update pipeline to complete!
WARNING: Could not find the service URL in namespace **-staging for names nodey420, **-nodey420, **-staging-nodey420
